0 info it worked if it ends with ok
1 verbose cli [ '/usr/local/bin/node',
1 verbose cli   '/usr/local/bin/npm',
1 verbose cli   'install',
1 verbose cli   'express',
1 verbose cli   'body-parder',
1 verbose cli   'path',
1 verbose cli   'express-validator',
1 verbose cli   'mysql',
1 verbose cli   'sequelize' ]
2 info using npm@3.10.10
3 info using node@v6.11.2
4 silly loadCurrentTree Starting
5 silly install loadCurrentTree
6 silly install readLocalPackageData
7 silly fetchPackageMetaData express
8 silly fetchPackageMetaData body-parder
9 silly fetchPackageMetaData path
10 silly fetchPackageMetaData express-validator
11 silly fetchPackageMetaData mysql
12 silly fetchPackageMetaData sequelize
13 silly fetchNamedPackageData express
14 silly mapToRegistry name express
15 silly mapToRegistry using default registry
16 silly mapToRegistry registry https://registry.npmjs.org/
17 silly mapToRegistry data Result {
17 silly mapToRegistry   raw: 'express',
17 silly mapToRegistry   scope: null,
17 silly mapToRegistry   escapedName: 'express',
17 silly mapToRegistry   name: 'express',
17 silly mapToRegistry   rawSpec: '',
17 silly mapToRegistry   spec: 'latest',
17 silly mapToRegistry   type: 'tag' }
18 silly mapToRegistry uri https://registry.npmjs.org/express
19 silly fetchNamedPackageData body-parder
20 silly mapToRegistry name body-parder
21 silly mapToRegistry using default registry
22 silly mapToRegistry registry https://registry.npmjs.org/
23 silly mapToRegistry data Result {
23 silly mapToRegistry   raw: 'body-parder',
23 silly mapToRegistry   scope: null,
23 silly mapToRegistry   escapedName: 'body-parder',
23 silly mapToRegistry   name: 'body-parder',
23 silly mapToRegistry   rawSpec: '',
23 silly mapToRegistry   spec: 'latest',
23 silly mapToRegistry   type: 'tag' }
24 silly mapToRegistry uri https://registry.npmjs.org/body-parder
25 silly fetchNamedPackageData path
26 silly mapToRegistry name path
27 silly mapToRegistry using default registry
28 silly mapToRegistry registry https://registry.npmjs.org/
29 silly mapToRegistry data Result {
29 silly mapToRegistry   raw: 'path',
29 silly mapToRegistry   scope: null,
29 silly mapToRegistry   escapedName: 'path',
29 silly mapToRegistry   name: 'path',
29 silly mapToRegistry   rawSpec: '',
29 silly mapToRegistry   spec: 'latest',
29 silly mapToRegistry   type: 'tag' }
30 silly mapToRegistry uri https://registry.npmjs.org/path
31 silly fetchNamedPackageData express-validator
32 silly mapToRegistry name express-validator
33 silly mapToRegistry using default registry
34 silly mapToRegistry registry https://registry.npmjs.org/
35 silly mapToRegistry data Result {
35 silly mapToRegistry   raw: 'express-validator',
35 silly mapToRegistry   scope: null,
35 silly mapToRegistry   escapedName: 'express-validator',
35 silly mapToRegistry   name: 'express-validator',
35 silly mapToRegistry   rawSpec: '',
35 silly mapToRegistry   spec: 'latest',
35 silly mapToRegistry   type: 'tag' }
36 silly mapToRegistry uri https://registry.npmjs.org/express-validator
37 silly fetchNamedPackageData mysql
38 silly mapToRegistry name mysql
39 silly mapToRegistry using default registry
40 silly mapToRegistry registry https://registry.npmjs.org/
41 silly mapToRegistry data Result {
41 silly mapToRegistry   raw: 'mysql',
41 silly mapToRegistry   scope: null,
41 silly mapToRegistry   escapedName: 'mysql',
41 silly mapToRegistry   name: 'mysql',
41 silly mapToRegistry   rawSpec: '',
41 silly mapToRegistry   spec: 'latest',
41 silly mapToRegistry   type: 'tag' }
42 silly mapToRegistry uri https://registry.npmjs.org/mysql
43 silly fetchNamedPackageData sequelize
44 silly mapToRegistry name sequelize
45 silly mapToRegistry using default registry
46 silly mapToRegistry registry https://registry.npmjs.org/
47 silly mapToRegistry data Result {
47 silly mapToRegistry   raw: 'sequelize',
47 silly mapToRegistry   scope: null,
47 silly mapToRegistry   escapedName: 'sequelize',
47 silly mapToRegistry   name: 'sequelize',
47 silly mapToRegistry   rawSpec: '',
47 silly mapToRegistry   spec: 'latest',
47 silly mapToRegistry   type: 'tag' }
48 silly mapToRegistry uri https://registry.npmjs.org/sequelize
49 verbose request uri https://registry.npmjs.org/express
50 verbose request no auth needed
51 info attempt registry request try #1 at 1:37:05 AM
52 verbose request id f311df6b4a56813f
53 http request GET https://registry.npmjs.org/express
54 verbose request uri https://registry.npmjs.org/body-parder
55 verbose request no auth needed
56 info attempt registry request try #1 at 1:37:05 AM
57 http request GET https://registry.npmjs.org/body-parder
58 verbose request uri https://registry.npmjs.org/path
59 verbose request no auth needed
60 info attempt registry request try #1 at 1:37:05 AM
61 http request GET https://registry.npmjs.org/path
62 verbose request uri https://registry.npmjs.org/express-validator
63 verbose request no auth needed
64 info attempt registry request try #1 at 1:37:05 AM
65 http request GET https://registry.npmjs.org/express-validator
66 verbose request uri https://registry.npmjs.org/mysql
67 verbose request no auth needed
68 info attempt registry request try #1 at 1:37:05 AM
69 http request GET https://registry.npmjs.org/mysql
70 verbose request uri https://registry.npmjs.org/sequelize
71 verbose request no auth needed
72 info attempt registry request try #1 at 1:37:05 AM
73 http request GET https://registry.npmjs.org/sequelize
74 http 200 https://registry.npmjs.org/path
75 verbose headers { server: 'nginx/1.10.1',
75 verbose headers   'content-type': 'application/json',
75 verbose headers   'last-modified': 'Fri, 22 Sep 2017 15:12:42 GMT',
75 verbose headers   etag: 'W/"59c5286a-17f8"',
75 verbose headers   'content-encoding': 'gzip',
75 verbose headers   'cache-control': 'max-age=300',
75 verbose headers   'content-length': '1890',
75 verbose headers   'accept-ranges': 'bytes',
75 verbose headers   date: 'Sat, 14 Oct 2017 06:37:05 GMT',
75 verbose headers   via: '1.1 varnish',
75 verbose headers   age: '214',
75 verbose headers   connection: 'keep-alive',
75 verbose headers   'x-served-by': 'cache-dfw18632-DFW',
75 verbose headers   'x-cache': 'HIT',
75 verbose headers   'x-cache-hits': '2',
75 verbose headers   'x-timer': 'S1507963025.395377,VS0,VE0',
75 verbose headers   vary: 'Accept-Encoding, Accept' }
76 silly get cb [ 200,
76 silly get   { server: 'nginx/1.10.1',
76 silly get     'content-type': 'application/json',
76 silly get     'last-modified': 'Fri, 22 Sep 2017 15:12:42 GMT',
76 silly get     etag: 'W/"59c5286a-17f8"',
76 silly get     'content-encoding': 'gzip',
76 silly get     'cache-control': 'max-age=300',
76 silly get     'content-length': '1890',
76 silly get     'accept-ranges': 'bytes',
76 silly get     date: 'Sat, 14 Oct 2017 06:37:05 GMT',
76 silly get     via: '1.1 varnish',
76 silly get     age: '214',
76 silly get     connection: 'keep-alive',
76 silly get     'x-served-by': 'cache-dfw18632-DFW',
76 silly get     'x-cache': 'HIT',
76 silly get     'x-cache-hits': '2',
76 silly get     'x-timer': 'S1507963025.395377,VS0,VE0',
76 silly get     vary: 'Accept-Encoding, Accept' } ]
77 verbose get saving path to /Users/Brien/.npm/registry.npmjs.org/path/.cache.json
78 verbose correctMkdir /Users/Brien/.npm correctMkdir not in flight; initializing
79 http 200 https://registry.npmjs.org/mysql
80 verbose headers { server: 'nginx/1.10.1',
80 verbose headers   'content-type': 'application/json',
80 verbose headers   'last-modified': 'Fri, 13 Oct 2017 03:29:52 GMT',
80 verbose headers   etag: 'W/"59e03330-24677"',
80 verbose headers   'content-encoding': 'gzip',
80 verbose headers   'cache-control': 'max-age=300',
80 verbose headers   'content-length': '28610',
80 verbose headers   'accept-ranges': 'bytes',
80 verbose headers   date: 'Sat, 14 Oct 2017 06:37:05 GMT',
80 verbose headers   via: '1.1 varnish',
80 verbose headers   age: '0',
80 verbose headers   connection: 'keep-alive',
80 verbose headers   'x-served-by': 'cache-dfw18634-DFW',
80 verbose headers   'x-cache': 'HIT',
80 verbose headers   'x-cache-hits': '1',
80 verbose headers   'x-timer': 'S1507963025.400365,VS0,VE1',
80 verbose headers   vary: 'Accept-Encoding, Accept' }
81 silly get cb [ 200,
81 silly get   { server: 'nginx/1.10.1',
81 silly get     'content-type': 'application/json',
81 silly get     'last-modified': 'Fri, 13 Oct 2017 03:29:52 GMT',
81 silly get     etag: 'W/"59e03330-24677"',
81 silly get     'content-encoding': 'gzip',
81 silly get     'cache-control': 'max-age=300',
81 silly get     'content-length': '28610',
81 silly get     'accept-ranges': 'bytes',
81 silly get     date: 'Sat, 14 Oct 2017 06:37:05 GMT',
81 silly get     via: '1.1 varnish',
81 silly get     age: '0',
81 silly get     connection: 'keep-alive',
81 silly get     'x-served-by': 'cache-dfw18634-DFW',
81 silly get     'x-cache': 'HIT',
81 silly get     'x-cache-hits': '1',
81 silly get     'x-timer': 'S1507963025.400365,VS0,VE1',
81 silly get     vary: 'Accept-Encoding, Accept' } ]
82 verbose get saving mysql to /Users/Brien/.npm/registry.npmjs.org/mysql/.cache.json
83 verbose correctMkdir /Users/Brien/.npm correctMkdir not in flight; initializing
84 http 200 https://registry.npmjs.org/express
85 verbose headers { server: 'nginx/1.10.1',
85 verbose headers   'content-type': 'application/json',
85 verbose headers   'last-modified': 'Fri, 13 Oct 2017 19:52:04 GMT',
85 verbose headers   etag: 'W/"59e11964-93382"',
85 verbose headers   'content-encoding': 'gzip',
85 verbose headers   'cache-control': 'max-age=300',
85 verbose headers   'content-length': '46672',
85 verbose headers   'accept-ranges': 'bytes',
85 verbose headers   date: 'Sat, 14 Oct 2017 06:37:05 GMT',
85 verbose headers   via: '1.1 varnish',
85 verbose headers   age: '288',
85 verbose headers   connection: 'keep-alive',
85 verbose headers   'x-served-by': 'cache-dfw18643-DFW',
85 verbose headers   'x-cache': 'HIT',
85 verbose headers   'x-cache-hits': '5',
85 verbose headers   'x-timer': 'S1507963025.389035,VS0,VE0',
85 verbose headers   vary: 'Accept-Encoding, Accept' }
86 silly get cb [ 200,
86 silly get   { server: 'nginx/1.10.1',
86 silly get     'content-type': 'application/json',
86 silly get     'last-modified': 'Fri, 13 Oct 2017 19:52:04 GMT',
86 silly get     etag: 'W/"59e11964-93382"',
86 silly get     'content-encoding': 'gzip',
86 silly get     'cache-control': 'max-age=300',
86 silly get     'content-length': '46672',
86 silly get     'accept-ranges': 'bytes',
86 silly get     date: 'Sat, 14 Oct 2017 06:37:05 GMT',
86 silly get     via: '1.1 varnish',
86 silly get     age: '288',
86 silly get     connection: 'keep-alive',
86 silly get     'x-served-by': 'cache-dfw18643-DFW',
86 silly get     'x-cache': 'HIT',
86 silly get     'x-cache-hits': '5',
86 silly get     'x-timer': 'S1507963025.389035,VS0,VE0',
86 silly get     vary: 'Accept-Encoding, Accept' } ]
87 verbose get saving express to /Users/Brien/.npm/registry.npmjs.org/express/.cache.json
88 verbose correctMkdir /Users/Brien/.npm correctMkdir not in flight; initializing
89 http 200 https://registry.npmjs.org/sequelize
90 verbose headers { server: 'nginx/1.10.1',
90 verbose headers   'content-type': 'application/json',
90 verbose headers   'last-modified': 'Fri, 13 Oct 2017 05:21:26 GMT',
90 verbose headers   etag: 'W/"59e04d56-dbf89"',
90 verbose headers   'content-encoding': 'gzip',
90 verbose headers   'cache-control': 'max-age=300',
90 verbose headers   'content-length': '39207',
90 verbose headers   'accept-ranges': 'bytes',
90 verbose headers   date: 'Sat, 14 Oct 2017 06:37:05 GMT',
90 verbose headers   via: '1.1 varnish',
90 verbose headers   age: '0',
90 verbose headers   connection: 'keep-alive',
90 verbose headers   'x-served-by': 'cache-dfw18641-DFW',
90 verbose headers   'x-cache': 'HIT',
90 verbose headers   'x-cache-hits': '1',
90 verbose headers   'x-timer': 'S1507963025.403330,VS0,VE31',
90 verbose headers   vary: 'Accept-Encoding, Accept' }
91 silly get cb [ 200,
91 silly get   { server: 'nginx/1.10.1',
91 silly get     'content-type': 'application/json',
91 silly get     'last-modified': 'Fri, 13 Oct 2017 05:21:26 GMT',
91 silly get     etag: 'W/"59e04d56-dbf89"',
91 silly get     'content-encoding': 'gzip',
91 silly get     'cache-control': 'max-age=300',
91 silly get     'content-length': '39207',
91 silly get     'accept-ranges': 'bytes',
91 silly get     date: 'Sat, 14 Oct 2017 06:37:05 GMT',
91 silly get     via: '1.1 varnish',
91 silly get     age: '0',
91 silly get     connection: 'keep-alive',
91 silly get     'x-served-by': 'cache-dfw18641-DFW',
91 silly get     'x-cache': 'HIT',
91 silly get     'x-cache-hits': '1',
91 silly get     'x-timer': 'S1507963025.403330,VS0,VE31',
91 silly get     vary: 'Accept-Encoding, Accept' } ]
92 verbose get saving sequelize to /Users/Brien/.npm/registry.npmjs.org/sequelize/.cache.json
93 verbose correctMkdir /Users/Brien/.npm correctMkdir not in flight; initializing
94 http 200 https://registry.npmjs.org/express-validator
95 verbose headers { server: 'nginx/1.10.1',
95 verbose headers   'content-type': 'application/json',
95 verbose headers   'last-modified': 'Fri, 13 Oct 2017 02:38:55 GMT',
95 verbose headers   etag: 'W/"59e0273f-22656"',
95 verbose headers   'content-encoding': 'gzip',
95 verbose headers   'cache-control': 'max-age=300',
95 verbose headers   'content-length': '16019',
95 verbose headers   'accept-ranges': 'bytes',
95 verbose headers   date: 'Sat, 14 Oct 2017 06:37:05 GMT',
95 verbose headers   via: '1.1 varnish',
95 verbose headers   age: '0',
95 verbose headers   connection: 'keep-alive',
95 verbose headers   'x-served-by': 'cache-dfw18629-DFW',
95 verbose headers   'x-cache': 'MISS',
95 verbose headers   'x-cache-hits': '0',
95 verbose headers   'x-timer': 'S1507963025.399643,VS0,VE62',
95 verbose headers   vary: 'Accept-Encoding, Accept' }
96 silly get cb [ 200,
96 silly get   { server: 'nginx/1.10.1',
96 silly get     'content-type': 'application/json',
96 silly get     'last-modified': 'Fri, 13 Oct 2017 02:38:55 GMT',
96 silly get     etag: 'W/"59e0273f-22656"',
96 silly get     'content-encoding': 'gzip',
96 silly get     'cache-control': 'max-age=300',
96 silly get     'content-length': '16019',
96 silly get     'accept-ranges': 'bytes',
96 silly get     date: 'Sat, 14 Oct 2017 06:37:05 GMT',
96 silly get     via: '1.1 varnish',
96 silly get     age: '0',
96 silly get     connection: 'keep-alive',
96 silly get     'x-served-by': 'cache-dfw18629-DFW',
96 silly get     'x-cache': 'MISS',
96 silly get     'x-cache-hits': '0',
96 silly get     'x-timer': 'S1507963025.399643,VS0,VE62',
96 silly get     vary: 'Accept-Encoding, Accept' } ]
97 verbose get saving express-validator to /Users/Brien/.npm/registry.npmjs.org/express-validator/.cache.json
98 verbose correctMkdir /Users/Brien/.npm correctMkdir not in flight; initializing
99 http 404 https://registry.npmjs.org/body-parder
100 verbose headers { 'content-type': 'application/json',
100 verbose headers   'cache-control': 'max-age=0',
100 verbose headers   'content-length': '2',
100 verbose headers   'accept-ranges': 'bytes',
100 verbose headers   date: 'Sat, 14 Oct 2017 06:37:05 GMT',
100 verbose headers   via: '1.1 varnish',
100 verbose headers   age: '0',
100 verbose headers   connection: 'keep-alive',
100 verbose headers   'x-served-by': 'cache-dfw18636-DFW',
100 verbose headers   'x-cache': 'MISS',
100 verbose headers   'x-cache-hits': '0',
100 verbose headers   'x-timer': 'S1507963025.397840,VS0,VE285',
100 verbose headers   vary: 'Accept-Encoding' }
101 silly get cb [ 404,
101 silly get   { 'content-type': 'application/json',
101 silly get     'cache-control': 'max-age=0',
101 silly get     'content-length': '2',
101 silly get     'accept-ranges': 'bytes',
101 silly get     date: 'Sat, 14 Oct 2017 06:37:05 GMT',
101 silly get     via: '1.1 varnish',
101 silly get     age: '0',
101 silly get     connection: 'keep-alive',
101 silly get     'x-served-by': 'cache-dfw18636-DFW',
101 silly get     'x-cache': 'MISS',
101 silly get     'x-cache-hits': '0',
101 silly get     'x-timer': 'S1507963025.397840,VS0,VE285',
101 silly get     vary: 'Accept-Encoding' } ]
102 silly fetchPackageMetaData Error: Registry returned 404 for GET on https://registry.npmjs.org/body-parder
102 silly fetchPackageMetaData     at makeError (/usr/local/lib/node_modules/npm/node_modules/npm-registry-client/lib/request.js:302:12)
102 silly fetchPackageMetaData     at CachingRegistryClient.<anonymous> (/usr/local/lib/node_modules/npm/node_modules/npm-registry-client/lib/request.js:280:14)
102 silly fetchPackageMetaData     at Request._callback (/usr/local/lib/node_modules/npm/node_modules/npm-registry-client/lib/request.js:210:14)
102 silly fetchPackageMetaData     at Request.self.callback (/usr/local/lib/node_modules/npm/node_modules/request/request.js:187:22)
102 silly fetchPackageMetaData     at emitTwo (events.js:106:13)
102 silly fetchPackageMetaData     at Request.emit (events.js:191:7)
102 silly fetchPackageMetaData     at Request.<anonymous> (/usr/local/lib/node_modules/npm/node_modules/request/request.js:1048:10)
102 silly fetchPackageMetaData     at emitOne (events.js:96:13)
102 silly fetchPackageMetaData     at Request.emit (events.js:188:7)
102 silly fetchPackageMetaData     at IncomingMessage.<anonymous> (/usr/local/lib/node_modules/npm/node_modules/request/request.js:969:12)
102 silly fetchPackageMetaData  error for body-parder { Error: Registry returned 404 for GET on https://registry.npmjs.org/body-parder
102 silly fetchPackageMetaData     at makeError (/usr/local/lib/node_modules/npm/node_modules/npm-registry-client/lib/request.js:302:12)
102 silly fetchPackageMetaData     at CachingRegistryClient.<anonymous> (/usr/local/lib/node_modules/npm/node_modules/npm-registry-client/lib/request.js:280:14)
102 silly fetchPackageMetaData     at Request._callback (/usr/local/lib/node_modules/npm/node_modules/npm-registry-client/lib/request.js:210:14)
102 silly fetchPackageMetaData     at Request.self.callback (/usr/local/lib/node_modules/npm/node_modules/request/request.js:187:22)
102 silly fetchPackageMetaData     at emitTwo (events.js:106:13)
102 silly fetchPackageMetaData     at Request.emit (events.js:191:7)
102 silly fetchPackageMetaData     at Request.<anonymous> (/usr/local/lib/node_modules/npm/node_modules/request/request.js:1048:10)
102 silly fetchPackageMetaData     at emitOne (events.js:96:13)
102 silly fetchPackageMetaData     at Request.emit (events.js:188:7)
102 silly fetchPackageMetaData     at IncomingMessage.<anonymous> (/usr/local/lib/node_modules/npm/node_modules/request/request.js:969:12) pkgid: 'body-parder', statusCode: 404, code: 'E404' }
103 silly rollbackFailedOptional Starting
104 silly rollbackFailedOptional Finishing
105 silly runTopLevelLifecycles Finishing
106 silly install printInstalled
107 verbose stack Error: Registry returned 404 for GET on https://registry.npmjs.org/body-parder
107 verbose stack     at makeError (/usr/local/lib/node_modules/npm/node_modules/npm-registry-client/lib/request.js:302:12)
107 verbose stack     at CachingRegistryClient.<anonymous> (/usr/local/lib/node_modules/npm/node_modules/npm-registry-client/lib/request.js:280:14)
107 verbose stack     at Request._callback (/usr/local/lib/node_modules/npm/node_modules/npm-registry-client/lib/request.js:210:14)
107 verbose stack     at Request.self.callback (/usr/local/lib/node_modules/npm/node_modules/request/request.js:187:22)
107 verbose stack     at emitTwo (events.js:106:13)
107 verbose stack     at Request.emit (events.js:191:7)
107 verbose stack     at Request.<anonymous> (/usr/local/lib/node_modules/npm/node_modules/request/request.js:1048:10)
107 verbose stack     at emitOne (events.js:96:13)
107 verbose stack     at Request.emit (events.js:188:7)
107 verbose stack     at IncomingMessage.<anonymous> (/usr/local/lib/node_modules/npm/node_modules/request/request.js:969:12)
108 verbose statusCode 404
109 verbose pkgid body-parder
110 verbose cwd /Users/Brien/bootcamp/brien/celebrity-death-pool
111 error Darwin 16.7.0
112 error argv "/usr/local/bin/node" "/usr/local/bin/npm" "install" "express" "body-parder" "path" "express-validator" "mysql" "sequelize"
113 error node v6.11.2
114 error npm  v3.10.10
115 error code E404
116 error 404 Registry returned 404 for GET on https://registry.npmjs.org/body-parder
117 error 404
118 error 404 'body-parder' is not in the npm registry.
119 error 404 You should bug the author to publish it (or use the name yourself!)
120 error 404 Note that you can also install from a
121 error 404 tarball, folder, http url, or git url.
122 verbose exit [ 1, true ]
